This file contains any messages produced by compilers while
running configure, to aid debugging if configure makes a mistake.

It was created by u1_nc_dscrt configure 0.1, which was
generated by GNU Autoconf 2.69.  Invocation command line was

  $ ./configure N=2 D=3

## --------- ##
## Platform. ##
## --------- ##

hostname = n
uname -m = x86_64
uname -r = 5.13.0-30-generic
uname -s = Linux
uname -v = #33~20.04.1-Ubuntu SMP Mon Feb 7 14:25:10 UTC 2022

/usr/bin/uname -p = x86_64
/bin/uname -X     = unknown

/bin/arch              = x86_64
/usr/bin/arch -k       = unknown
/usr/convex/getsysinfo = unknown
/usr/bin/hostinfo      = unknown
/bin/machine           = unknown
/usr/bin/oslevel       = unknown
/bin/universe          = unknown

PATH: /opt/intel/oneapi/compiler/2021.4.0/linux/lib/oclfpga/llvm/aocl-bin
PATH: /opt/intel/oneapi/compiler/2021.4.0/linux/lib/oclfpga/bin
PATH: /opt/intel/oneapi/compiler/2021.4.0/linux/bin/intel64
PATH: /opt/intel/oneapi/compiler/2021.4.0/linux/bin
PATH: /home/n-francini/.local/bin
PATH: /usr/local/sbin
PATH: /usr/local/bin
PATH: /usr/sbin
PATH: /usr/bin
PATH: /sbin
PATH: /bin
PATH: /usr/games
PATH: /usr/local/games
PATH: /snap/bin


## ----------- ##
## Core tests. ##
## ----------- ##

configure:2136: checking for a BSD-compatible install
configure:2204: result: /usr/bin/install -c
configure:2215: checking whether build environment is sane
configure:2270: result: yes
configure:2419: checking for a thread-safe mkdir -p
configure:2458: result: /usr/bin/mkdir -p
configure:2465: checking for gawk
configure:2495: result: no
configure:2465: checking for mawk
configure:2481: found /usr/bin/mawk
configure:2492: result: mawk
configure:2503: checking whether make sets $(MAKE)
configure:2525: result: yes
configure:2554: checking whether make supports nested variables
configure:2571: result: yes
configure:2751: checking for gcc
configure:2767: found /usr/bin/gcc
configure:2778: result: gcc
configure:3007: checking for C compiler version
configure:3016: gcc --version >&5
gcc (Ubuntu 9.3.0-17ubuntu1~20.04) 9.3.0
Copyright (C) 2019 Free Software Foundation, Inc.
This is free software; see the source for copying conditions.  There is NO
warranty; not even for MERCHANTABILITY or FITNESS FOR A PARTICULAR PURPOSE.

configure:3027: $? = 0
configure:3016: gcc -v >&5
Using built-in specs.
COLLECT_GCC=gcc
COLLECT_LTO_WRAPPER=/usr/lib/gcc/x86_64-linux-gnu/9/lto-wrapper
OFFLOAD_TARGET_NAMES=nvptx-none:hsa
OFFLOAD_TARGET_DEFAULT=1
Target: x86_64-linux-gnu
Configured with: ../src/configure -v --with-pkgversion='Ubuntu 9.3.0-17ubuntu1~20.04' --with-bugurl=file:///usr/share/doc/gcc-9/README.Bugs --enable-languages=c,ada,c++,go,brig,d,fortran,objc,obj-c++,gm2 --prefix=/usr --with-gcc-major-version-only --program-suffix=-9 --program-prefix=x86_64-linux-gnu- --enable-shared --enable-linker-build-id --libexecdir=/usr/lib --without-included-gettext --enable-threads=posix --libdir=/usr/lib --enable-nls --enable-clocale=gnu --enable-libstdcxx-debug --enable-libstdcxx-time=yes --with-default-libstdcxx-abi=new --enable-gnu-unique-object --disable-vtable-verify --enable-plugin --enable-default-pie --with-system-zlib --with-target-system-zlib=auto --enable-objc-gc=auto --enable-multiarch --disable-werror --with-arch-32=i686 --with-abi=m64 --with-multilib-list=m32,m64,mx32 --enable-multilib --with-tune=generic --enable-offload-targets=nvptx-none=/build/gcc-9-HskZEa/gcc-9-9.3.0/debian/tmp-nvptx/usr,hsa --without-cuda-driver --enable-checking=release --build=x86_64-linux-gnu --host=x86_64-linux-gnu --target=x86_64-linux-gnu
Thread model: posix
gcc version 9.3.0 (Ubuntu 9.3.0-17ubuntu1~20.04) 
configure:3027: $? = 0
configure:3016: gcc -V >&5
gcc: error: unrecognized command line option '-V'
gcc: fatal error: no input files
compilation terminated.
configure:3027: $? = 1
configure:3016: gcc -qversion >&5
gcc: error: unrecognized command line option '-qversion'; did you mean '--version'?
gcc: fatal error: no input files
compilation terminated.
configure:3027: $? = 1
configure:3047: checking whether the C compiler works
configure:3069: gcc    conftest.c  >&5
configure:3073: $? = 0
configure:3121: result: yes
configure:3124: checking for C compiler default output file name
configure:3126: result: a.out
configure:3132: checking for suffix of executables
configure:3139: gcc -o conftest    conftest.c  >&5
configure:3143: $? = 0
configure:3165: result: 
configure:3187: checking whether we are cross compiling
configure:3195: gcc -o conftest    conftest.c  >&5
configure:3199: $? = 0
configure:3206: ./conftest
configure:3210: $? = 0
configure:3198: result: no
configure:3203: checking for suffix of object files
configure:3225: gcc -c   conftest.c >&5
configure:3229: $? = 0
configure:3250: result: o
configure:3254: checking whether we are using the GNU C compiler
configure:3273: gcc -c   conftest.c >&5
configure:3273: $? = 0
configure:3282: result: yes
configure:3291: checking whether gcc accepts -g
configure:3311: gcc -c -g  conftest.c >&5
configure:3311: $? = 0
configure:3352: result: yes
configure:3369: checking for gcc option to accept ISO C89
configure:3432: gcc  -c -g -O2  conftest.c >&5
configure:3432: $? = 0
configure:3445: result: none needed
configure:3470: checking whether gcc understands -c and -o together
configure:3492: gcc -c conftest.c -o conftest2.o
configure:3495: $? = 0
configure:3492: gcc -c conftest.c -o conftest2.o
configure:3495: $? = 0
configure:3507: result: yes
configure:3527: checking whether make supports the include directive
configure:3542: make -f confmf.GNU && cat confinc.out
this is the am__doit target
configure:3545: $? = 0
configure:3564: result: yes (GNU style)
configure:3589: checking dependency style of gcc
configure:3700: result: gcc3
configure:3723: checking how to run the C preprocessor
configure:3754: gcc -E  conftest.c
configure:3754: $? = 0
configure:3768: gcc -E  conftest.c
conftest.c:11:10: fatal error: ac_nonexistent.h: No such file or directory
   11 | #include <ac_nonexistent.h>
      |          ^~~~~~~~~~~~~~~~~~
compilation terminated.
configure:3768: $? = 1
configure: failed program was:
| /* confdefs.h */
| #define PACKAGE_NAME "u1_nc_dscrt"
| #define PACKAGE_TARNAME "u1_nc_dscrt"
| #define PACKAGE_VERSION "0.1"
| #define PACKAGE_STRING "u1_nc_dscrt 0.1"
| #define PACKAGE_BUGREPORT "nicco.francini@libero.it"
| #define PACKAGE_URL ""
| #define PACKAGE "u1_nc_dscrt"
| #define VERSION "0.1"
| /* end confdefs.h.  */
| #include <ac_nonexistent.h>
configure:3793: result: gcc -E
configure:3813: gcc -E  conftest.c
configure:3813: $? = 0
configure:3827: gcc -E  conftest.c
conftest.c:11:10: fatal error: ac_nonexistent.h: No such file or directory
   11 | #include <ac_nonexistent.h>
      |          ^~~~~~~~~~~~~~~~~~
compilation terminated.
configure:3827: $? = 1
configure: failed program was:
| /* confdefs.h */
| #define PACKAGE_NAME "u1_nc_dscrt"
| #define PACKAGE_TARNAME "u1_nc_dscrt"
| #define PACKAGE_VERSION "0.1"
| #define PACKAGE_STRING "u1_nc_dscrt 0.1"
| #define PACKAGE_BUGREPORT "nicco.francini@libero.it"
| #define PACKAGE_URL ""
| #define PACKAGE "u1_nc_dscrt"
| #define VERSION "0.1"
| /* end confdefs.h.  */
| #include <ac_nonexistent.h>
configure:3856: checking for grep that handles long lines and -e
configure:3914: result: /usr/bin/grep
configure:3919: checking for egrep
configure:3981: result: /usr/bin/grep -E
configure:3986: checking for ANSI C header files
configure:4006: gcc -c -g -O2  conftest.c >&5
configure:4006: $? = 0
configure:4079: gcc -o conftest -g -O2   conftest.c  >&5
configure:4079: $? = 0
configure:4079: ./conftest
configure:4079: $? = 0
configure:4090: result: yes
configure:4103: checking for sys/types.h
configure:4103: gcc -c -g -O2  conftest.c >&5
configure:4103: $? = 0
configure:4103: result: yes
configure:4103: checking for sys/stat.h
configure:4103: gcc -c -g -O2  conftest.c >&5
configure:4103: $? = 0
configure:4103: result: yes
configure:4103: checking for stdlib.h
configure:4103: gcc -c -g -O2  conftest.c >&5
configure:4103: $? = 0
configure:4103: result: yes
configure:4103: checking for string.h
configure:4103: gcc -c -g -O2  conftest.c >&5
configure:4103: $? = 0
configure:4103: result: yes
configure:4103: checking for memory.h
configure:4103: gcc -c -g -O2  conftest.c >&5
configure:4103: $? = 0
configure:4103: result: yes
configure:4103: checking for strings.h
configure:4103: gcc -c -g -O2  conftest.c >&5
configure:4103: $? = 0
configure:4103: result: yes
configure:4103: checking for inttypes.h
configure:4103: gcc -c -g -O2  conftest.c >&5
configure:4103: $? = 0
configure:4103: result: yes
configure:4103: checking for stdint.h
configure:4103: gcc -c -g -O2  conftest.c >&5
configure:4103: $? = 0
configure:4103: result: yes
configure:4103: checking for unistd.h
configure:4103: gcc -c -g -O2  conftest.c >&5
configure:4103: $? = 0
configure:4103: result: yes
configure:4117: checking math.h usability
configure:4117: gcc -c -g -O2  conftest.c >&5
configure:4117: $? = 0
configure:4117: result: yes
configure:4117: checking math.h presence
configure:4117: gcc -E  conftest.c
configure:4117: $? = 0
configure:4117: result: yes
configure:4117: checking for math.h
configure:4117: result: yes
configure:4132: checking stdio.h usability
configure:4132: gcc -c -g -O2  conftest.c >&5
configure:4132: $? = 0
configure:4132: result: yes
configure:4132: checking stdio.h presence
configure:4132: gcc -E  conftest.c
configure:4132: $? = 0
configure:4132: result: yes
configure:4132: checking for stdio.h
configure:4132: result: yes
configure:4147: checking for stdlib.h
configure:4147: result: yes
configure:4162: checking time.h usability
configure:4162: gcc -c -g -O2  conftest.c >&5
configure:4162: $? = 0
configure:4162: result: yes
configure:4162: checking time.h presence
configure:4162: gcc -E  conftest.c
configure:4162: $? = 0
configure:4162: result: yes
configure:4162: checking for time.h
configure:4162: result: yes
configure:4177: checking stddef.h usability
configure:4177: gcc -c -g -O2  conftest.c >&5
configure:4177: $? = 0
configure:4177: result: yes
configure:4177: checking stddef.h presence
configure:4177: gcc -E  conftest.c
configure:4177: $? = 0
configure:4177: result: yes
configure:4177: checking for stddef.h
configure:4177: result: yes
configure:4192: checking complex.h usability
configure:4192: gcc -c -g -O2  conftest.c >&5
configure:4192: $? = 0
configure:4192: result: yes
configure:4192: checking complex.h presence
configure:4192: gcc -E  conftest.c
configure:4192: $? = 0
configure:4192: result: yes
configure:4192: checking for complex.h
configure:4192: result: yes
configure:4207: checking errno.h usability
configure:4207: gcc -c -g -O2  conftest.c >&5
configure:4207: $? = 0
configure:4207: result: yes
configure:4207: checking errno.h presence
configure:4207: gcc -E  conftest.c
configure:4207: $? = 0
configure:4207: result: yes
configure:4207: checking for errno.h
configure:4207: result: yes
configure:4222: checking fenv.h usability
configure:4222: gcc -c -g -O2  conftest.c >&5
configure:4222: $? = 0
configure:4222: result: yes
configure:4222: checking fenv.h presence
configure:4222: gcc -E  conftest.c
configure:4222: $? = 0
configure:4222: result: yes
configure:4222: checking for fenv.h
configure:4222: result: yes
configure:4237: checking for sys/types.h
configure:4237: result: yes
configure:4252: checking for sys/stat.h
configure:4252: result: yes
configure:4266: checking for library containing sqrt
configure:4297: gcc -o conftest -g -O2   conftest.c  >&5
conftest.c:38:6: warning: conflicting types for built-in function 'sqrt'; expected 'double(double)' [-Wbuiltin-declaration-mismatch]
   38 | char sqrt ();
      |      ^~~~
conftest.c:1:1: note: 'sqrt' is declared in header '<math.h>'
    1 | /* confdefs.h */
/usr/bin/ld: /tmp/ccRpzmaI.o: in function `main':
/home/n-francini/Scrivania/TESI/SIMULAZIONI NUMERICHE/u1_nc_dscrt/SIMUL/conftest.c:42: undefined reference to `sqrt'
collect2: error: ld returned 1 exit status
configure:4297: $? = 1
configure: failed program was:
| /* confdefs.h */
| #define PACKAGE_NAME "u1_nc_dscrt"
| #define PACKAGE_TARNAME "u1_nc_dscrt"
| #define PACKAGE_VERSION "0.1"
| #define PACKAGE_STRING "u1_nc_dscrt 0.1"
| #define PACKAGE_BUGREPORT "nicco.francini@libero.it"
| #define PACKAGE_URL ""
| #define PACKAGE "u1_nc_dscrt"
| #define VERSION "0.1"
| #define STDC_HEADERS 1
| #define HAVE_SYS_TYPES_H 1
| #define HAVE_SYS_STAT_H 1
| #define HAVE_STDLIB_H 1
| #define HAVE_STRING_H 1
| #define HAVE_MEMORY_H 1
| #define HAVE_STRINGS_H 1
| #define HAVE_INTTYPES_H 1
| #define HAVE_STDINT_H 1
| #define HAVE_UNISTD_H 1
| #define HAVE_MATH_H 1
| #define HAVE_STDIO_H 1
| #define HAVE_STDLIB_H 1
| #define HAVE_TIME_H 1
| #define HAVE_STDDEF_H 1
| #define HAVE_COMPLEX_H 1
| #define HAVE_ERRNO_H 1
| #define HAVE_FENV_H 1
| #define HAVE_SYS_TYPES_H 1
| #define HAVE_SYS_STAT_H 1
| /* end confdefs.h.  */
| 
| /* Override any GCC internal prototype to avoid an error.
|    Use char because int might match the return type of a GCC
|    builtin and then its argument prototype would still apply.  */
| #ifdef __cplusplus
| extern "C"
| #endif
| char sqrt ();
| int
| main ()
| {
| return sqrt ();
|   ;
|   return 0;
| }
configure:4297: gcc -o conftest -g -O2   conftest.c -lm   >&5
conftest.c:38:6: warning: conflicting types for built-in function 'sqrt'; expected 'double(double)' [-Wbuiltin-declaration-mismatch]
   38 | char sqrt ();
      |      ^~~~
conftest.c:1:1: note: 'sqrt' is declared in header '<math.h>'
    1 | /* confdefs.h */
configure:4297: $? = 0
configure:4314: result: -lm
configure:4484: checking that generated files are newer than configure
configure:4490: result: done
configure:4513: creating ./config.status

## ---------------------- ##
## Running config.status. ##
## ---------------------- ##

This file was extended by u1_nc_dscrt config.status 0.1, which was
generated by GNU Autoconf 2.69.  Invocation command line was

  CONFIG_FILES    = 
  CONFIG_HEADERS  = 
  CONFIG_LINKS    = 
  CONFIG_COMMANDS = 
  $ ./config.status 

on n

config.status:863: creating Makefile
config.status:863: creating config.h
config.status:1044: config.h is unchanged
config.status:1092: executing depfiles commands
config.status:1169: cd .       && sed -e '/# am--include-marker/d' Makefile         | make -f - am--depfiles
make: Nothing to be done for 'am--depfiles'.
config.status:1174: $? = 0

## ---------------- ##
## Cache variables. ##
## ---------------- ##

ac_cv_c_compiler_gnu=yes
ac_cv_env_CC_set=
ac_cv_env_CC_value=
ac_cv_env_CFLAGS_set=
ac_cv_env_CFLAGS_value=
ac_cv_env_CPPFLAGS_set=
ac_cv_env_CPPFLAGS_value=
ac_cv_env_CPP_set=
ac_cv_env_CPP_value=
ac_cv_env_D_set=set
ac_cv_env_D_value=3
ac_cv_env_LDFLAGS_set=
ac_cv_env_LDFLAGS_value=
ac_cv_env_LIBS_set=
ac_cv_env_LIBS_value=
ac_cv_env_N_set=set
ac_cv_env_N_value=2
ac_cv_env_build_alias_set=
ac_cv_env_build_alias_value=
ac_cv_env_host_alias_set=
ac_cv_env_host_alias_value=
ac_cv_env_target_alias_set=
ac_cv_env_target_alias_value=
ac_cv_header_complex_h=yes
ac_cv_header_errno_h=yes
ac_cv_header_fenv_h=yes
ac_cv_header_inttypes_h=yes
ac_cv_header_math_h=yes
ac_cv_header_memory_h=yes
ac_cv_header_stdc=yes
ac_cv_header_stddef_h=yes
ac_cv_header_stdint_h=yes
ac_cv_header_stdio_h=yes
ac_cv_header_stdlib_h=yes
ac_cv_header_string_h=yes
ac_cv_header_strings_h=yes
ac_cv_header_sys_stat_h=yes
ac_cv_header_sys_types_h=yes
ac_cv_header_time_h=yes
ac_cv_header_unistd_h=yes
ac_cv_objext=o
ac_cv_path_EGREP='/usr/bin/grep -E'
ac_cv_path_GREP=/usr/bin/grep
ac_cv_path_install='/usr/bin/install -c'
ac_cv_path_mkdir=/usr/bin/mkdir
ac_cv_prog_AWK=mawk
ac_cv_prog_CPP='gcc -E'
ac_cv_prog_ac_ct_CC=gcc
ac_cv_prog_cc_c89=
ac_cv_prog_cc_g=yes
ac_cv_prog_make_make_set=yes
ac_cv_search_sqrt=-lm
am_cv_CC_dependencies_compiler_type=gcc3
am_cv_make_support_nested_variables=yes
am_cv_prog_cc_c_o=yes

## ----------------- ##
## Output variables. ##
## ----------------- ##

ACLOCAL='${SHELL} "/home/n-francini/Scrivania/TESI/SIMULAZIONI NUMERICHE/u1_nc_dscrt/SIMUL/missing" aclocal-1.16'
AMDEPBACKSLASH='\'
AMDEP_FALSE='#'
AMDEP_TRUE=''
AMTAR='$${TAR-tar}'
AM_BACKSLASH='\'
AM_DEFAULT_V='$(AM_DEFAULT_VERBOSITY)'
AM_DEFAULT_VERBOSITY='1'
AM_V='$(V)'
AUTOCONF='${SHELL} "/home/n-francini/Scrivania/TESI/SIMULAZIONI NUMERICHE/u1_nc_dscrt/SIMUL/missing" autoconf'
AUTOHEADER='${SHELL} "/home/n-francini/Scrivania/TESI/SIMULAZIONI NUMERICHE/u1_nc_dscrt/SIMUL/missing" autoheader'
AUTOMAKE='${SHELL} "/home/n-francini/Scrivania/TESI/SIMULAZIONI NUMERICHE/u1_nc_dscrt/SIMUL/missing" automake-1.16'
AWK='mawk'
CC='gcc'
CCDEPMODE='depmode=gcc3'
CFLAGS='-g -O2'
CPP='gcc -E'
CPPFLAGS=''
CYGPATH_W='echo'
D='3'
DEFS='-DHAVE_CONFIG_H'
DEPDIR='.deps'
ECHO_C=''
ECHO_N='-n'
ECHO_T=''
EGREP='/usr/bin/grep -E'
EXEEXT=''
GREP='/usr/bin/grep'
INSTALL_DATA='${INSTALL} -m 644'
INSTALL_PROGRAM='${INSTALL}'
INSTALL_SCRIPT='${INSTALL}'
INSTALL_STRIP_PROGRAM='$(install_sh) -c -s'
LDFLAGS=''
LIBOBJS=''
LIBS='-lm '
LTLIBOBJS=''
MAKEINFO='${SHELL} "/home/n-francini/Scrivania/TESI/SIMULAZIONI NUMERICHE/u1_nc_dscrt/SIMUL/missing" makeinfo'
MKDIR_P='/usr/bin/mkdir -p'
N='2'
OBJEXT='o'
PACKAGE='u1_nc_dscrt'
PACKAGE_BUGREPORT='nicco.francini@libero.it'
PACKAGE_NAME='u1_nc_dscrt'
PACKAGE_STRING='u1_nc_dscrt 0.1'
PACKAGE_TARNAME='u1_nc_dscrt'
PACKAGE_URL=''
PACKAGE_VERSION='0.1'
PATH_SEPARATOR=':'
SET_MAKE=''
SHELL='/bin/bash'
STRIP=''
VERSION='0.1'
ac_ct_CC='gcc'
am__EXEEXT_FALSE=''
am__EXEEXT_TRUE='#'
am__fastdepCC_FALSE='#'
am__fastdepCC_TRUE=''
am__include='include'
am__isrc=''
am__leading_dot='.'
am__nodep='_no'
am__quote=''
am__tar='$${TAR-tar} chof - "$$tardir"'
am__untar='$${TAR-tar} xf -'
bindir='${exec_prefix}/bin'
build_alias=''
datadir='${datarootdir}'
datarootdir='${prefix}/share'
docdir='${datarootdir}/doc/${PACKAGE_TARNAME}'
dvidir='${docdir}'
exec_prefix='${prefix}'
host_alias=''
htmldir='${docdir}'
includedir='${prefix}/include'
infodir='${datarootdir}/info'
install_sh='${SHELL} '\''/home/n-francini/Scrivania/TESI/SIMULAZIONI NUMERICHE/u1_nc_dscrt/SIMUL/install-sh'\'''
libdir='${exec_prefix}/lib'
libexecdir='${exec_prefix}/libexec'
localedir='${datarootdir}/locale'
localstatedir='${prefix}/var'
mandir='${datarootdir}/man'
mkdir_p='$(MKDIR_P)'
oldincludedir='/usr/include'
pdfdir='${docdir}'
prefix='/usr/local'
program_transform_name='s,x,x,'
psdir='${docdir}'
runstatedir='${localstatedir}/run'
sbindir='${exec_prefix}/sbin'
sharedstatedir='${prefix}/com'
sysconfdir='${prefix}/etc'
target_alias=''

## ----------- ##
## confdefs.h. ##
## ----------- ##

/* confdefs.h */
#define PACKAGE_NAME "u1_nc_dscrt"
#define PACKAGE_TARNAME "u1_nc_dscrt"
#define PACKAGE_VERSION "0.1"
#define PACKAGE_STRING "u1_nc_dscrt 0.1"
#define PACKAGE_BUGREPORT "nicco.francini@libero.it"
#define PACKAGE_URL ""
#define PACKAGE "u1_nc_dscrt"
#define VERSION "0.1"
#define STDC_HEADERS 1
#define HAVE_SYS_TYPES_H 1
#define HAVE_SYS_STAT_H 1
#define HAVE_STDLIB_H 1
#define HAVE_STRING_H 1
#define HAVE_MEMORY_H 1
#define HAVE_STRINGS_H 1
#define HAVE_INTTYPES_H 1
#define HAVE_STDINT_H 1
#define HAVE_UNISTD_H 1
#define HAVE_MATH_H 1
#define HAVE_STDIO_H 1
#define HAVE_STDLIB_H 1
#define HAVE_TIME_H 1
#define HAVE_STDDEF_H 1
#define HAVE_COMPLEX_H 1
#define HAVE_ERRNO_H 1
#define HAVE_FENV_H 1
#define HAVE_SYS_TYPES_H 1
#define HAVE_SYS_STAT_H 1
#define N 2
#define D 3

configure: exit 0
